TN:
SF:src/Ejercicio_P10/Ejercicio2.ts
FN:11,ejecutarComando
FNF:1
FNH:1
FNDA:6,ejecutarComando
DA:1,1
DA:2,1
DA:3,1
DA:4,1
DA:5,1
DA:6,1
DA:7,1
DA:8,1
DA:9,1
DA:10,1
DA:11,1
DA:12,6
DA:13,6
DA:14,6
DA:15,6
DA:16,6
DA:17,6
DA:18,1
DA:19,1
DA:20,1
DA:21,5
DA:22,5
DA:23,5
DA:24,5
DA:25,6
DA:26,1
DA:27,1
DA:28,1
DA:29,1
DA:30,1
DA:31,1
DA:32,1
DA:33,1
DA:34,1
DA:35,1
DA:36,1
DA:37,1
DA:38,1
DA:39,6
DA:40,1
DA:41,1
DA:42,1
DA:43,1
DA:44,1
DA:45,1
DA:46,1
DA:47,1
DA:48,1
DA:49,1
DA:50,1
DA:51,1
DA:52,1
DA:53,6
DA:54,1
DA:55,1
DA:56,1
DA:57,1
DA:58,1
DA:59,1
DA:60,1
DA:61,1
DA:62,1
DA:63,1
DA:64,1
DA:65,1
DA:66,1
DA:67,6
DA:68,1
DA:69,1
DA:70,1
DA:71,1
DA:72,1
DA:73,1
DA:74,1
DA:75,1
DA:76,1
DA:77,1
DA:78,1
DA:79,1
DA:80,1
DA:81,6
DA:82,1
DA:83,1
DA:84,1
DA:85,1
DA:86,1
DA:87,6
DA:88,6
LF:88
LH:88
BRDA:11,0,0,6
BRDA:17,1,0,1
BRDA:21,2,0,5
BRDA:25,3,0,1
BRDA:39,4,0,1
BRDA:53,5,0,1
BRDA:67,6,0,1
BRDA:81,7,0,1
BRDA:30,8,0,1
BRDA:34,9,0,1
BRDA:44,10,0,1
BRDA:48,11,0,1
BRDA:58,12,0,1
BRDA:62,13,0,1
BRDA:72,14,0,1
BRDA:76,15,0,1
BRF:16
BRH:16
end_of_record
